<?xml version="1.0" encoding="UTF-8"?>
<testng-results ignored="0" total="1" passed="1" failed="0" skipped="0">
  <reporter-output>
  </reporter-output>
  <suite started-at="2022-03-26T15:39:47 IST" name="Default suite" finished-at="2022-03-26T15:39:47 IST" duration-ms="65">
    <groups>
    </groups>
    <test started-at="2022-03-26T15:39:47 IST" name="Default test" finished-at="2022-03-26T15:39:47 IST" duration-ms="65">
      <class name="github.project.module.Demo2Test">
        <test-method signature="createcon()[pri:0, instance:github.project.module.Demo2Test@22e357dc]" started-at="2022-03-26T15:39:47 IST" name="createcon" finished-at="2022-03-26T15:39:47 IST" duration-ms="12" status="PASS">
          <reporter-output>
          </reporter-output>
        </test-method> <!-- createcon -->
      </class> <!-- github.project.module.Demo2Test -->
    </test> <!-- Default test -->
  </suite> <!-- Default suite -->
</testng-results>
